<?xml version="1.0" encoding="UTF-8"?>
<coverage generated="1640815308497" clover="3.2.0">
  <project timestamp="1640815308498" name="All files">
    <metrics statements="132" coveredstatements="79" conditionals="36" coveredconditionals="12" methods="49" coveredmethods="24" elements="217" coveredelements="115" complexity="0" loc="132" ncloc="132" packages="5" files="13" classes="13"/>
    <package name="StrainGaugeApp">
      <metrics statements="3" coveredstatements="3" conditionals="0" coveredconditionals="0" methods="2" coveredmethods="2"/>
      <file name="App.js" path="C:\Users\ext_jdahl\Documents\FinalProject\App\StrainGaugeApp\App.js">
        <metrics statements="3" coveredstatements="3" conditionals="0" coveredconditionals="0" methods="2" coveredmethods="2"/>
        <line num="9" count="1" type="stmt"/>
        <line num="12" count="1" type="stmt"/>
        <line num="22" count="1" type="stmt"/>
      </file>
    </package>
    <package name="StrainGaugeApp.Streaming">
      <metrics statements="36" coveredstatements="26" conditionals="4" coveredconditionals="2" methods="14" coveredmethods="5"/>
      <file name="DummyChannel.js" path="C:\Users\ext_jdahl\Documents\FinalProject\App\StrainGaugeApp\Streaming\DummyChannel.js">
        <metrics statements="21" coveredstatements="14" conditionals="0" coveredconditionals="0" methods="8" coveredmethods="2"/>
        <line num="5" count="40" type="stmt"/>
        <line num="6" count="40" type="stmt"/>
        <line num="7" count="40" type="stmt"/>
        <line num="8" count="40" type="stmt"/>
        <line num="9" count="40" type="stmt"/>
        <line num="10" count="40" type="stmt"/>
        <line num="12" count="40" type="stmt"/>
        <line num="13" count="0" type="stmt"/>
        <line num="14" count="0" type="stmt"/>
        <line num="17" count="40" type="stmt"/>
        <line num="18" count="1" type="stmt"/>
        <line num="21" count="40" type="stmt"/>
        <line num="22" count="0" type="stmt"/>
        <line num="25" count="40" type="stmt"/>
        <line num="26" count="0" type="stmt"/>
        <line num="29" count="40" type="stmt"/>
        <line num="30" count="0" type="stmt"/>
        <line num="33" count="40" type="stmt"/>
        <line num="34" count="0" type="stmt"/>
        <line num="37" count="40" type="stmt"/>
        <line num="38" count="0" type="stmt"/>
      </file>
      <file name="StreamingConnector.tsx" path="C:\Users\ext_jdahl\Documents\FinalProject\App\StrainGaugeApp\Streaming\StreamingConnector.tsx">
        <metrics statements="1" coveredstatements="0" conditionals="0" coveredconditionals="0" methods="1" coveredmethods="0"/>
        <line num="14" count="0" type="stmt"/>
      </file>
      <file name="StreamingConstructor.js" path="C:\Users\ext_jdahl\Documents\FinalProject\App\StrainGaugeApp\Streaming\StreamingConstructor.js">
        <metrics statements="14" coveredstatements="12" conditionals="4" coveredconditionals="2" methods="5" coveredmethods="3"/>
        <line num="5" count="5" type="stmt"/>
        <line num="7" count="4" type="stmt"/>
        <line num="21" count="4" type="cond" truecount="1" falsecount="1"/>
        <line num="22" count="4" type="stmt"/>
        <line num="25" count="4" type="stmt"/>
        <line num="28" count="4" type="stmt"/>
        <line num="29" count="2" type="stmt"/>
        <line num="32" count="4" type="stmt"/>
        <line num="33" count="1" type="stmt"/>
        <line num="34" count="1" type="cond" truecount="1" falsecount="1"/>
        <line num="35" count="1" type="stmt"/>
        <line num="38" count="0" type="stmt"/>
        <line num="41" count="4" type="stmt"/>
        <line num="42" count="0" type="stmt"/>
      </file>
    </package>
    <package name="StrainGaugeApp.components">
      <metrics statements="47" coveredstatements="33" conditionals="16" coveredconditionals="6" methods="12" coveredmethods="8"/>
      <file name="ChannelChart.js" path="C:\Users\ext_jdahl\Documents\FinalProject\App\StrainGaugeApp\components\ChannelChart.js">
        <metrics statements="37" coveredstatements="27" conditionals="14" coveredconditionals="5" methods="5" coveredmethods="5"/>
        <line num="7" count="1" type="stmt"/>
        <line num="9" count="1" type="stmt"/>
        <line num="36" count="3" type="stmt"/>
        <line num="37" count="1" type="stmt"/>
        <line num="38" count="1" type="stmt"/>
        <line num="40" count="1" type="stmt"/>
        <line num="41" count="5" type="stmt"/>
        <line num="43" count="1" type="stmt"/>
        <line num="46" count="3" type="stmt"/>
        <line num="47" count="3" type="stmt"/>
        <line num="48" count="3" type="stmt"/>
        <line num="49" count="3" type="cond" truecount="1" falsecount="1"/>
        <line num="50" count="0" type="stmt"/>
        <line num="52" count="3" type="stmt"/>
        <line num="55" count="3" type="stmt"/>
        <line num="56" count="3" type="stmt"/>
        <line num="57" count="3" type="stmt"/>
        <line num="58" count="3" type="cond" truecount="1" falsecount="1"/>
        <line num="59" count="0" type="stmt"/>
        <line num="61" count="3" type="stmt"/>
        <line num="64" count="3" type="stmt"/>
        <line num="65" count="1" type="stmt"/>
        <line num="66" count="1" type="stmt"/>
        <line num="68" count="1" type="stmt"/>
        <line num="69" count="1" type="stmt"/>
        <line num="71" count="1" type="cond" truecount="1" falsecount="1"/>
        <line num="72" count="1" type="stmt"/>
        <line num="73" count="2" type="stmt"/>
        <line num="75" count="0" type="cond" truecount="0" falsecount="2"/>
        <line num="76" count="0" type="stmt"/>
        <line num="77" count="0" type="stmt"/>
        <line num="79" count="0" type="cond" truecount="0" falsecount="2"/>
        <line num="80" count="0" type="stmt"/>
        <line num="81" count="0" type="stmt"/>
        <line num="84" count="0" type="stmt"/>
        <line num="85" count="0" type="stmt"/>
        <line num="88" count="1" type="stmt"/>
      </file>
      <file name="QRButton.js" path="C:\Users\ext_jdahl\Documents\FinalProject\App\StrainGaugeApp\components\QRButton.js">
        <metrics statements="3" coveredstatements="2" conditionals="0" coveredconditionals="0" methods="2" coveredmethods="1"/>
        <line num="8" count="1" type="stmt"/>
        <line num="10" count="0" type="stmt"/>
        <line num="24" count="3" type="stmt"/>
      </file>
      <file name="QRButtonNoText.js" path="C:\Users\ext_jdahl\Documents\FinalProject\App\StrainGaugeApp\components\QRButtonNoText.js">
        <metrics statements="3" coveredstatements="2" conditionals="0" coveredconditionals="0" methods="2" coveredmethods="1"/>
        <line num="8" count="3" type="stmt"/>
        <line num="10" count="0" type="stmt"/>
        <line num="21" count="3" type="stmt"/>
      </file>
      <file name="QRScannerOverlay.js" path="C:\Users\ext_jdahl\Documents\FinalProject\App\StrainGaugeApp\components\QRScannerOverlay.js">
        <metrics statements="4" coveredstatements="2" conditionals="2" coveredconditionals="1" methods="3" coveredmethods="1"/>
        <line num="9" count="1" type="stmt"/>
        <line num="11" count="1" type="stmt"/>
        <line num="16" count="0" type="stmt"/>
        <line num="28" count="0" type="stmt"/>
      </file>
    </package>
    <package name="StrainGaugeApp.resources">
      <metrics statements="6" coveredstatements="5" conditionals="0" coveredconditionals="0" methods="5" coveredmethods="4"/>
      <file name="colors.js" path="C:\Users\ext_jdahl\Documents\FinalProject\App\StrainGaugeApp\resources\colors.js">
        <metrics statements="1" coveredstatements="1" conditionals="0" coveredconditionals="0" methods="0" coveredmethods="0"/>
        <line num="1" count="8" type="stmt"/>
      </file>
      <file name="svgs.js" path="C:\Users\ext_jdahl\Documents\FinalProject\App\StrainGaugeApp\resources\svgs.js">
        <metrics statements="5" coveredstatements="4" conditionals="0" coveredconditionals="0" methods="5" coveredmethods="4"/>
        <line num="6" count="1" type="stmt"/>
        <line num="15" count="1" type="stmt"/>
        <line num="23" count="3" type="stmt"/>
        <line num="32" count="0" type="stmt"/>
        <line num="41" count="1" type="stmt"/>
      </file>
    </package>
    <package name="StrainGaugeApp.screens">
      <metrics statements="40" coveredstatements="12" conditionals="16" coveredconditionals="4" methods="16" coveredmethods="5"/>
      <file name="Channels.js" path="C:\Users\ext_jdahl\Documents\FinalProject\App\StrainGaugeApp\screens\Channels.js">
        <metrics statements="7" coveredstatements="6" conditionals="4" coveredconditionals="4" methods="5" coveredmethods="3"/>
        <line num="14" count="2" type="stmt"/>
        <line num="15" count="2" type="stmt"/>
        <line num="17" count="2" type="stmt"/>
        <line num="22" count="20" type="stmt"/>
        <line num="24" count="20" type="stmt"/>
        <line num="42" count="0" type="stmt"/>
        <line num="48" count="2" type="stmt"/>
      </file>
      <file name="QRScannerScreen.js" path="C:\Users\ext_jdahl\Documents\FinalProject\App\StrainGaugeApp\screens\QRScannerScreen.js">
        <metrics statements="11" coveredstatements="4" conditionals="4" coveredconditionals="0" methods="4" coveredmethods="1"/>
        <line num="9" count="1" type="stmt"/>
        <line num="11" count="1" type="stmt"/>
        <line num="12" count="0" type="cond" truecount="0" falsecount="2"/>
        <line num="13" count="0" type="stmt"/>
        <line num="16" count="0" type="stmt"/>
        <line num="20" count="1" type="stmt"/>
        <line num="21" count="0" type="cond" truecount="0" falsecount="2"/>
        <line num="22" count="0" type="stmt"/>
        <line num="25" count="0" type="stmt"/>
        <line num="29" count="1" type="stmt"/>
        <line num="34" count="0" type="stmt"/>
      </file>
      <file name="StrainGauge.js" path="C:\Users\ext_jdahl\Documents\FinalProject\App\StrainGaugeApp\screens\StrainGauge.js">
        <metrics statements="22" coveredstatements="2" conditionals="8" coveredconditionals="0" methods="7" coveredmethods="1"/>
        <line num="9" count="1" type="stmt"/>
        <line num="10" count="0" type="stmt"/>
        <line num="11" count="0" type="stmt"/>
        <line num="13" count="0" type="stmt"/>
        <line num="14" count="0" type="cond" truecount="0" falsecount="2"/>
        <line num="15" count="0" type="stmt"/>
        <line num="17" count="0" type="stmt"/>
        <line num="18" count="0" type="stmt"/>
        <line num="23" count="0" type="stmt"/>
        <line num="24" count="0" type="cond" truecount="0" falsecount="2"/>
        <line num="25" count="0" type="stmt"/>
        <line num="27" count="0" type="stmt"/>
        <line num="28" count="0" type="stmt"/>
        <line num="31" count="0" type="stmt"/>
        <line num="32" count="0" type="stmt"/>
        <line num="33" count="0" type="cond" truecount="0" falsecount="2"/>
        <line num="34" count="0" type="stmt"/>
        <line num="36" count="0" type="stmt"/>
        <line num="37" count="0" type="stmt"/>
        <line num="41" count="0" type="stmt"/>
        <line num="105" count="0" type="stmt"/>
        <line num="110" count="2" type="stmt"/>
      </file>
    </package>
  </project>
</coverage>
