{"C:\\Users\\ext_jdahl\\Documents\\FinalProject\\App\\StrainGaugeApp\\App.js": {"path":"C:\\Users\\ext_jdahl\\Documents\\FinalProject\\App\\StrainGaugeApp\\App.js","statementMap":{"0":{"start":{"line":9,"column":14},"end":{"line":9,"column":42}},"1":{"start":{"line":12,"column":2},"end":{"line":36,"column":4}},"2":{"start":{"line":22,"column":20},"end":{"line":22,"column":43}}},"fnMap":{"0":{"name":"App","decl":{"start":{"line":11,"column":24},"end":{"line":11,"column":27}},"loc":{"start":{"line":11,"column":30},"end":{"line":37,"column":1}},"line":11},"1":{"name":"(anonymous_1)","decl":{"start":{"line":22,"column":11},"end":{"line":22,"column":12}},"loc":{"start":{"line":22,"column":20},"end":{"line":22,"column":43}},"line":22}},"branchMap":{},"s":{"0":1,"1":1,"2":1},"f":{"0":1,"1":1},"b":{},"_coverageSchema":"1a1c01bbd47fc00a2c39e90264f33305004495a9","hash":"69e066c8b988fee9bda467b95f01ef83118480e4"}
,"C:\\Users\\ext_jdahl\\Documents\\FinalProject\\App\\StrainGaugeApp\\Streaming\\DummyChannel.js": {"path":"C:\\Users\\ext_jdahl\\Documents\\FinalProject\\App\\StrainGaugeApp\\Streaming\\DummyChannel.js","statementMap":{"0":{"start":{"line":5,"column":8},"end":{"line":5,"column":24}},"1":{"start":{"line":6,"column":8},"end":{"line":6,"column":24}},"2":{"start":{"line":7,"column":8},"end":{"line":7,"column":20}},"3":{"start":{"line":8,"column":8},"end":{"line":8,"column":43}},"4":{"start":{"line":9,"column":8},"end":{"line":9,"column":28}},"5":{"start":{"line":10,"column":8},"end":{"line":10,"column":48}},"6":{"start":{"line":12,"column":24},"end":{"line":15,"column":5}},"7":{"start":{"line":13,"column":8},"end":{"line":13,"column":124}},"8":{"start":{"line":14,"column":8},"end":{"line":14,"column":36}},"9":{"start":{"line":17,"column":21},"end":{"line":19,"column":5}},"10":{"start":{"line":18,"column":8},"end":{"line":18,"column":31}},"11":{"start":{"line":21,"column":25},"end":{"line":23,"column":5}},"12":{"start":{"line":22,"column":8},"end":{"line":22,"column":60}},"13":{"start":{"line":25,"column":12},"end":{"line":27,"column":5}},"14":{"start":{"line":26,"column":8},"end":{"line":26,"column":22}},"15":{"start":{"line":29,"column":14},"end":{"line":31,"column":5}},"16":{"start":{"line":30,"column":8},"end":{"line":30,"column":24}},"17":{"start":{"line":33,"column":14},"end":{"line":35,"column":5}},"18":{"start":{"line":34,"column":8},"end":{"line":34,"column":24}},"19":{"start":{"line":37,"column":26},"end":{"line":39,"column":5}},"20":{"start":{"line":38,"column":8},"end":{"line":38,"column":36}}},"fnMap":{"0":{"name":"(anonymous_0)","decl":{"start":{"line":4,"column":4},"end":{"line":4,"column":5}},"loc":{"start":{"line":4,"column":50},"end":{"line":11,"column":5}},"line":4},"1":{"name":"(anonymous_1)","decl":{"start":{"line":12,"column":24},"end":{"line":12,"column":25}},"loc":{"start":{"line":12,"column":30},"end":{"line":15,"column":5}},"line":12},"2":{"name":"(anonymous_2)","decl":{"start":{"line":17,"column":21},"end":{"line":17,"column":22}},"loc":{"start":{"line":17,"column":27},"end":{"line":19,"column":5}},"line":17},"3":{"name":"(anonymous_3)","decl":{"start":{"line":21,"column":25},"end":{"line":21,"column":26}},"loc":{"start":{"line":21,"column":31},"end":{"line":23,"column":5}},"line":21},"4":{"name":"(anonymous_4)","decl":{"start":{"line":25,"column":12},"end":{"line":25,"column":13}},"loc":{"start":{"line":25,"column":18},"end":{"line":27,"column":5}},"line":25},"5":{"name":"(anonymous_5)","decl":{"start":{"line":29,"column":14},"end":{"line":29,"column":15}},"loc":{"start":{"line":29,"column":20},"end":{"line":31,"column":5}},"line":29},"6":{"name":"(anonymous_6)","decl":{"start":{"line":33,"column":14},"end":{"line":33,"column":15}},"loc":{"start":{"line":33,"column":20},"end":{"line":35,"column":5}},"line":33},"7":{"name":"(anonymous_7)","decl":{"start":{"line":37,"column":26},"end":{"line":37,"column":27}},"loc":{"start":{"line":37,"column":32},"end":{"line":39,"column":5}},"line":37}},"branchMap":{},"s":{"0":40,"1":40,"2":40,"3":40,"4":40,"5":40,"6":40,"7":0,"8":0,"9":40,"10":1,"11":40,"12":0,"13":40,"14":0,"15":40,"16":0,"17":40,"18":0,"19":40,"20":0},"f":{"0":40,"1":0,"2":1,"3":0,"4":0,"5":0,"6":0,"7":0},"b":{},"_coverageSchema":"1a1c01bbd47fc00a2c39e90264f33305004495a9","hash":"a815821dd8b59f719831279db22b76663728cfb9"}
,"C:\\Users\\ext_jdahl\\Documents\\FinalProject\\App\\StrainGaugeApp\\Streaming\\StreamingConnector.tsx": {"path":"C:\\Users\\ext_jdahl\\Documents\\FinalProject\\App\\StrainGaugeApp\\Streaming\\StreamingConnector.tsx","statementMap":{"0":{"start":{"line":14,"column":27},"end":{"line":14,"column":56}}},"fnMap":{"0":{"name":"(anonymous_0)","decl":{"start":{"line":12,"column":4},"end":{"line":12,"column":5}},"loc":{"start":{"line":12,"column":20},"end":{"line":69,"column":5}},"line":12}},"branchMap":{},"s":{"0":0},"f":{"0":0},"b":{},"_coverageSchema":"1a1c01bbd47fc00a2c39e90264f33305004495a9","hash":"86e52355ae33d166bcd7f6cdf4c2a0e9f12e1ac1"}
,"C:\\Users\\ext_jdahl\\Documents\\FinalProject\\App\\StrainGaugeApp\\Streaming\\StreamingConstructor.js": {"path":"C:\\Users\\ext_jdahl\\Documents\\FinalProject\\App\\StrainGaugeApp\\Streaming\\StreamingConstructor.js","statementMap":{"0":{"start":{"line":5,"column":22},"end":{"line":5,"column":26}},"1":{"start":{"line":7,"column":18},"end":{"line":18,"column":3}},"2":{"start":{"line":21,"column":4},"end":{"line":23,"column":5}},"3":{"start":{"line":22,"column":6},"end":{"line":22,"column":50}},"4":{"start":{"line":25,"column":4},"end":{"line":25,"column":26}},"5":{"start":{"line":28,"column":16},"end":{"line":30,"column":3}},"6":{"start":{"line":29,"column":4},"end":{"line":29,"column":29}},"7":{"start":{"line":32,"column":19},"end":{"line":39,"column":3}},"8":{"start":{"line":33,"column":4},"end":{"line":37,"column":5}},"9":{"start":{"line":33,"column":17},"end":{"line":33,"column":18}},"10":{"start":{"line":34,"column":6},"end":{"line":36,"column":7}},"11":{"start":{"line":35,"column":8},"end":{"line":35,"column":36}},"12":{"start":{"line":38,"column":4},"end":{"line":38,"column":15}},"13":{"start":{"line":41,"column":21},"end":{"line":43,"column":3}},"14":{"start":{"line":42,"column":4},"end":{"line":42,"column":56}},"15":{"start":{"line":42,"column":45},"end":{"line":42,"column":55}}},"fnMap":{"0":{"name":"(anonymous_0)","decl":{"start":{"line":20,"column":2},"end":{"line":20,"column":3}},"loc":{"start":{"line":20,"column":23},"end":{"line":26,"column":3}},"line":20},"1":{"name":"(anonymous_1)","decl":{"start":{"line":28,"column":16},"end":{"line":28,"column":17}},"loc":{"start":{"line":28,"column":22},"end":{"line":30,"column":3}},"line":28},"2":{"name":"(anonymous_2)","decl":{"start":{"line":32,"column":19},"end":{"line":32,"column":20}},"loc":{"start":{"line":32,"column":27},"end":{"line":39,"column":3}},"line":32},"3":{"name":"(anonymous_3)","decl":{"start":{"line":41,"column":21},"end":{"line":41,"column":22}},"loc":{"start":{"line":41,"column":27},"end":{"line":43,"column":3}},"line":41},"4":{"name":"(anonymous_4)","decl":{"start":{"line":42,"column":34},"end":{"line":42,"column":35}},"loc":{"start":{"line":42,"column":45},"end":{"line":42,"column":55}},"line":42}},"branchMap":{"0":{"loc":{"start":{"line":21,"column":4},"end":{"line":23,"column":5}},"type":"if","locations":[{"start":{"line":21,"column":4},"end":{"line":23,"column":5}},{"start":{},"end":{}}],"line":21},"1":{"loc":{"start":{"line":34,"column":6},"end":{"line":36,"column":7}},"type":"if","locations":[{"start":{"line":34,"column":6},"end":{"line":36,"column":7}},{"start":{},"end":{}}],"line":34}},"s":{"0":5,"1":4,"2":4,"3":4,"4":4,"5":4,"6":2,"7":4,"8":1,"9":1,"10":1,"11":1,"12":0,"13":4,"14":0,"15":0},"f":{"0":4,"1":2,"2":1,"3":0,"4":0},"b":{"0":[4,0],"1":[1,0]},"_coverageSchema":"1a1c01bbd47fc00a2c39e90264f33305004495a9","hash":"8e4ecaf8b3d36c9567f7ea3f7ca45d08f2c85c29"}
,"C:\\Users\\ext_jdahl\\Documents\\FinalProject\\App\\StrainGaugeApp\\components\\ChannelChart.js": {"path":"C:\\Users\\ext_jdahl\\Documents\\FinalProject\\App\\StrainGaugeApp\\components\\ChannelChart.js","statementMap":{"0":{"start":{"line":7,"column":28},"end":{"line":7,"column":29}},"1":{"start":{"line":9,"column":2},"end":{"line":33,"column":3}},"2":{"start":{"line":36,"column":27},"end":{"line":44,"column":1}},"3":{"start":{"line":37,"column":18},"end":{"line":37,"column":20}},"4":{"start":{"line":38,"column":26},"end":{"line":38,"column":83}},"5":{"start":{"line":40,"column":2},"end":{"line":41,"column":51}},"6":{"start":{"line":40,"column":15},"end":{"line":40,"column":16}},"7":{"start":{"line":41,"column":4},"end":{"line":41,"column":51}},"8":{"start":{"line":43,"column":2},"end":{"line":43,"column":18}},"9":{"start":{"line":46,"column":21},"end":{"line":53,"column":1}},"10":{"start":{"line":47,"column":23},"end":{"line":47,"column":39}},"11":{"start":{"line":48,"column":2},"end":{"line":51,"column":3}},"12":{"start":{"line":48,"column":15},"end":{"line":48,"column":16}},"13":{"start":{"line":49,"column":4},"end":{"line":50,"column":39}},"14":{"start":{"line":50,"column":6},"end":{"line":50,"column":39}},"15":{"start":{"line":52,"column":2},"end":{"line":52,"column":23}},"16":{"start":{"line":55,"column":21},"end":{"line":62,"column":1}},"17":{"start":{"line":56,"column":22},"end":{"line":56,"column":38}},"18":{"start":{"line":57,"column":2},"end":{"line":60,"column":3}},"19":{"start":{"line":57,"column":15},"end":{"line":57,"column":16}},"20":{"start":{"line":58,"column":4},"end":{"line":59,"column":38}},"21":{"start":{"line":59,"column":6},"end":{"line":59,"column":38}},"22":{"start":{"line":61,"column":2},"end":{"line":61,"column":22}},"23":{"start":{"line":64,"column":27},"end":{"line":89,"column":1}},"24":{"start":{"line":65,"column":24},"end":{"line":65,"column":49}},"25":{"start":{"line":66,"column":24},"end":{"line":66,"column":49}},"26":{"start":{"line":68,"column":21},"end":{"line":68,"column":50}},"27":{"start":{"line":69,"column":18},"end":{"line":69,"column":20}},"28":{"start":{"line":71,"column":2},"end":{"line":87,"column":3}},"29":{"start":{"line":72,"column":4},"end":{"line":74,"column":5}},"30":{"start":{"line":72,"column":17},"end":{"line":72,"column":18}},"31":{"start":{"line":73,"column":6},"end":{"line":73,"column":51}},"32":{"start":{"line":75,"column":9},"end":{"line":87,"column":3}},"33":{"start":{"line":76,"column":4},"end":{"line":78,"column":5}},"34":{"start":{"line":76,"column":17},"end":{"line":76,"column":18}},"35":{"start":{"line":77,"column":6},"end":{"line":77,"column":55}},"36":{"start":{"line":79,"column":9},"end":{"line":87,"column":3}},"37":{"start":{"line":80,"column":4},"end":{"line":82,"column":5}},"38":{"start":{"line":80,"column":17},"end":{"line":80,"column":18}},"39":{"start":{"line":81,"column":6},"end":{"line":81,"column":55}},"40":{"start":{"line":84,"column":4},"end":{"line":86,"column":5}},"41":{"start":{"line":84,"column":17},"end":{"line":84,"column":18}},"42":{"start":{"line":85,"column":6},"end":{"line":85,"column":55}},"43":{"start":{"line":88,"column":2},"end":{"line":88,"column":18}}},"fnMap":{"0":{"name":"ChannelChart","decl":{"start":{"line":6,"column":24},"end":{"line":6,"column":36}},"loc":{"start":{"line":6,"column":54},"end":{"line":34,"column":1}},"line":6},"1":{"name":"(anonymous_1)","decl":{"start":{"line":36,"column":27},"end":{"line":36,"column":28}},"loc":{"start":{"line":36,"column":63},"end":{"line":44,"column":1}},"line":36},"2":{"name":"(anonymous_2)","decl":{"start":{"line":46,"column":21},"end":{"line":46,"column":22}},"loc":{"start":{"line":46,"column":38},"end":{"line":53,"column":1}},"line":46},"3":{"name":"(anonymous_3)","decl":{"start":{"line":55,"column":21},"end":{"line":55,"column":22}},"loc":{"start":{"line":55,"column":38},"end":{"line":62,"column":1}},"line":55},"4":{"name":"(anonymous_4)","decl":{"start":{"line":64,"column":27},"end":{"line":64,"column":28}},"loc":{"start":{"line":64,"column":44},"end":{"line":89,"column":1}},"line":64}},"branchMap":{"0":{"loc":{"start":{"line":16,"column":13},"end":{"line":18,"column":71}},"type":"cond-expr","locations":[{"start":{"line":17,"column":12},"end":{"line":17,"column":13}},{"start":{"line":18,"column":13},"end":{"line":18,"column":70}}],"line":16},"1":{"loc":{"start":{"line":22,"column":16},"end":{"line":24,"column":107}},"type":"cond-expr","locations":[{"start":{"line":23,"column":10},"end":{"line":23,"column":99}},{"start":{"line":24,"column":10},"end":{"line":24,"column":107}}],"line":22},"2":{"loc":{"start":{"line":49,"column":4},"end":{"line":50,"column":39}},"type":"if","locations":[{"start":{"line":49,"column":4},"end":{"line":50,"column":39}},{"start":{},"end":{}}],"line":49},"3":{"loc":{"start":{"line":58,"column":4},"end":{"line":59,"column":38}},"type":"if","locations":[{"start":{"line":58,"column":4},"end":{"line":59,"column":38}},{"start":{},"end":{}}],"line":58},"4":{"loc":{"start":{"line":71,"column":2},"end":{"line":87,"column":3}},"type":"if","locations":[{"start":{"line":71,"column":2},"end":{"line":87,"column":3}},{"start":{"line":75,"column":9},"end":{"line":87,"column":3}}],"line":71},"5":{"loc":{"start":{"line":75,"column":9},"end":{"line":87,"column":3}},"type":"if","locations":[{"start":{"line":75,"column":9},"end":{"line":87,"column":3}},{"start":{"line":79,"column":9},"end":{"line":87,"column":3}}],"line":75},"6":{"loc":{"start":{"line":79,"column":9},"end":{"line":87,"column":3}},"type":"if","locations":[{"start":{"line":79,"column":9},"end":{"line":87,"column":3}},{"start":{"line":83,"column":9},"end":{"line":87,"column":3}}],"line":79}},"s":{"0":1,"1":1,"2":3,"3":1,"4":1,"5":1,"6":1,"7":5,"8":1,"9":3,"10":3,"11":3,"12":3,"13":3,"14":0,"15":3,"16":3,"17":3,"18":3,"19":3,"20":3,"21":0,"22":3,"23":3,"24":1,"25":1,"26":1,"27":1,"28":1,"29":1,"30":1,"31":2,"32":0,"33":0,"34":0,"35":0,"36":0,"37":0,"38":0,"39":0,"40":0,"41":0,"42":0,"43":1},"f":{"0":1,"1":1,"2":3,"3":3,"4":1},"b":{"0":[1,0],"1":[0,1],"2":[0,3],"3":[0,3],"4":[1,0],"5":[0,0],"6":[0,0]},"_coverageSchema":"1a1c01bbd47fc00a2c39e90264f33305004495a9","hash":"7cb094ab836c76df9d16b4dd8e4cae2e1554f7a4"}
,"C:\\Users\\ext_jdahl\\Documents\\FinalProject\\App\\StrainGaugeApp\\components\\QRButton.js": {"path":"C:\\Users\\ext_jdahl\\Documents\\FinalProject\\App\\StrainGaugeApp\\components\\QRButton.js","statementMap":{"0":{"start":{"line":8,"column":2},"end":{"line":21,"column":3}},"1":{"start":{"line":10,"column":39},"end":{"line":10,"column":55}},"2":{"start":{"line":24,"column":15},"end":{"line":36,"column":2}}},"fnMap":{"0":{"name":"QRCodeButton","decl":{"start":{"line":7,"column":24},"end":{"line":7,"column":36}},"loc":{"start":{"line":7,"column":57},"end":{"line":22,"column":1}},"line":7},"1":{"name":"(anonymous_1)","decl":{"start":{"line":10,"column":33},"end":{"line":10,"column":34}},"loc":{"start":{"line":10,"column":39},"end":{"line":10,"column":55}},"line":10}},"branchMap":{},"s":{"0":1,"1":0,"2":3},"f":{"0":1,"1":0},"b":{},"_coverageSchema":"1a1c01bbd47fc00a2c39e90264f33305004495a9","hash":"e1562f43da9f8f26dcef66ec1c80f7f0ccf088d9"}
,"C:\\Users\\ext_jdahl\\Documents\\FinalProject\\App\\StrainGaugeApp\\components\\QRButtonNoText.js": {"path":"C:\\Users\\ext_jdahl\\Documents\\FinalProject\\App\\StrainGaugeApp\\components\\QRButtonNoText.js","statementMap":{"0":{"start":{"line":8,"column":2},"end":{"line":18,"column":3}},"1":{"start":{"line":10,"column":39},"end":{"line":10,"column":55}},"2":{"start":{"line":21,"column":15},"end":{"line":32,"column":2}}},"fnMap":{"0":{"name":"QRCodeButtonNoText","decl":{"start":{"line":7,"column":24},"end":{"line":7,"column":42}},"loc":{"start":{"line":7,"column":63},"end":{"line":19,"column":1}},"line":7},"1":{"name":"(anonymous_1)","decl":{"start":{"line":10,"column":33},"end":{"line":10,"column":34}},"loc":{"start":{"line":10,"column":39},"end":{"line":10,"column":55}},"line":10}},"branchMap":{},"s":{"0":3,"1":0,"2":3},"f":{"0":3,"1":0},"b":{},"_coverageSchema":"1a1c01bbd47fc00a2c39e90264f33305004495a9","hash":"aac812bc9595f3fa078354f649c5887729cb0f49"}
,"C:\\Users\\ext_jdahl\\Documents\\FinalProject\\App\\StrainGaugeApp\\components\\QRScannerOverlay.js": {"path":"C:\\Users\\ext_jdahl\\Documents\\FinalProject\\App\\StrainGaugeApp\\components\\QRScannerOverlay.js","statementMap":{"0":{"start":{"line":9,"column":23},"end":{"line":9,"column":53}},"1":{"start":{"line":11,"column":2},"end":{"line":58,"column":3}},"2":{"start":{"line":16,"column":51},"end":{"line":16,"column":67}},"3":{"start":{"line":28,"column":51},"end":{"line":28,"column":65}}},"fnMap":{"0":{"name":"QRScannerOverlay","decl":{"start":{"line":7,"column":24},"end":{"line":7,"column":40}},"loc":{"start":{"line":7,"column":78},"end":{"line":59,"column":1}},"line":7},"1":{"name":"(anonymous_1)","decl":{"start":{"line":16,"column":45},"end":{"line":16,"column":46}},"loc":{"start":{"line":16,"column":51},"end":{"line":16,"column":67}},"line":16},"2":{"name":"(anonymous_2)","decl":{"start":{"line":28,"column":45},"end":{"line":28,"column":46}},"loc":{"start":{"line":28,"column":51},"end":{"line":28,"column":65}},"line":28}},"branchMap":{"0":{"loc":{"start":{"line":30,"column":15},"end":{"line":30,"column":88}},"type":"cond-expr","locations":[{"start":{"line":30,"column":60},"end":{"line":30,"column":73}},{"start":{"line":30,"column":76},"end":{"line":30,"column":88}}],"line":30}},"s":{"0":1,"1":1,"2":0,"3":0},"f":{"0":1,"1":0,"2":0},"b":{"0":[0,1]},"_coverageSchema":"1a1c01bbd47fc00a2c39e90264f33305004495a9","hash":"3aa8f6ab9fd486b5ccf247cbf6881bd000fbfc74"}
,"C:\\Users\\ext_jdahl\\Documents\\FinalProject\\App\\StrainGaugeApp\\resources\\colors.js": {"path":"C:\\Users\\ext_jdahl\\Documents\\FinalProject\\App\\StrainGaugeApp\\resources\\colors.js","statementMap":{"0":{"start":{"line":1,"column":15},"end":{"line":11,"column":1}}},"fnMap":{},"branchMap":{},"s":{"0":8},"f":{},"b":{},"_coverageSchema":"1a1c01bbd47fc00a2c39e90264f33305004495a9","hash":"8b92a854cd374098433220481c213839d15b8148"}
,"C:\\Users\\ext_jdahl\\Documents\\FinalProject\\App\\StrainGaugeApp\\resources\\svgs.js": {"path":"C:\\Users\\ext_jdahl\\Documents\\FinalProject\\App\\StrainGaugeApp\\resources\\svgs.js","statementMap":{"0":{"start":{"line":6,"column":2},"end":{"line":11,"column":3}},"1":{"start":{"line":15,"column":2},"end":{"line":19,"column":3}},"2":{"start":{"line":23,"column":2},"end":{"line":28,"column":3}},"3":{"start":{"line":32,"column":2},"end":{"line":37,"column":3}},"4":{"start":{"line":41,"column":2},"end":{"line":46,"column":3}}},"fnMap":{"0":{"name":"Arrow","decl":{"start":{"line":5,"column":16},"end":{"line":5,"column":21}},"loc":{"start":{"line":5,"column":24},"end":{"line":12,"column":1}},"line":5},"1":{"name":"Scan_qr","decl":{"start":{"line":14,"column":16},"end":{"line":14,"column":23}},"loc":{"start":{"line":14,"column":26},"end":{"line":20,"column":1}},"line":14},"2":{"name":"Scan_qr_large","decl":{"start":{"line":22,"column":16},"end":{"line":22,"column":29}},"loc":{"start":{"line":22,"column":32},"end":{"line":29,"column":1}},"line":22},"3":{"name":"Flash_off","decl":{"start":{"line":31,"column":16},"end":{"line":31,"column":25}},"loc":{"start":{"line":31,"column":28},"end":{"line":38,"column":1}},"line":31},"4":{"name":"Flash_on","decl":{"start":{"line":40,"column":16},"end":{"line":40,"column":24}},"loc":{"start":{"line":40,"column":27},"end":{"line":47,"column":1}},"line":40}},"branchMap":{},"s":{"0":1,"1":1,"2":3,"3":0,"4":1},"f":{"0":1,"1":1,"2":3,"3":0,"4":1},"b":{},"_coverageSchema":"1a1c01bbd47fc00a2c39e90264f33305004495a9","hash":"8fe868c68d5913c56a5e90198bb87e7f1b2de114"}
,"C:\\Users\\ext_jdahl\\Documents\\FinalProject\\App\\StrainGaugeApp\\screens\\Channels.js": {"path":"C:\\Users\\ext_jdahl\\Documents\\FinalProject\\App\\StrainGaugeApp\\screens\\Channels.js","statementMap":{"0":{"start":{"line":14,"column":22},"end":{"line":14,"column":52}},"1":{"start":{"line":15,"column":23},"end":{"line":15,"column":54}},"2":{"start":{"line":17,"column":2},"end":{"line":45,"column":3}},"3":{"start":{"line":22,"column":39},"end":{"line":22,"column":46}},"4":{"start":{"line":24,"column":10},"end":{"line":38,"column":37}},"5":{"start":{"line":24,"column":51},"end":{"line":24,"column":101}},"6":{"start":{"line":42,"column":50},"end":{"line":42,"column":79}},"7":{"start":{"line":48,"column":15},"end":{"line":72,"column":2}}},"fnMap":{"0":{"name":"Channels","decl":{"start":{"line":9,"column":24},"end":{"line":9,"column":32}},"loc":{"start":{"line":9,"column":49},"end":{"line":46,"column":1}},"line":9},"1":{"name":"(anonymous_1)","decl":{"start":{"line":22,"column":22},"end":{"line":22,"column":23}},"loc":{"start":{"line":22,"column":39},"end":{"line":22,"column":46}},"line":22},"2":{"name":"(anonymous_2)","decl":{"start":{"line":23,"column":20},"end":{"line":23,"column":21}},"loc":{"start":{"line":24,"column":10},"end":{"line":38,"column":37}},"line":24},"3":{"name":"(anonymous_3)","decl":{"start":{"line":24,"column":45},"end":{"line":24,"column":46}},"loc":{"start":{"line":24,"column":51},"end":{"line":24,"column":101}},"line":24},"4":{"name":"(anonymous_4)","decl":{"start":{"line":42,"column":44},"end":{"line":42,"column":45}},"loc":{"start":{"line":42,"column":50},"end":{"line":42,"column":79}},"line":42}},"branchMap":{"0":{"loc":{"start":{"line":26,"column":59},"end":{"line":26,"column":105}},"type":"cond-expr","locations":[{"start":{"line":26,"column":77},"end":{"line":26,"column":84}},{"start":{"line":26,"column":87},"end":{"line":26,"column":105}}],"line":26},"1":{"loc":{"start":{"line":32,"column":49},"end":{"line":32,"column":92}},"type":"cond-expr","locations":[{"start":{"line":32,"column":61},"end":{"line":32,"column":78}},{"start":{"line":32,"column":82},"end":{"line":32,"column":91}}],"line":32}},"s":{"0":2,"1":2,"2":2,"3":20,"4":20,"5":0,"6":0,"7":2},"f":{"0":2,"1":20,"2":20,"3":0,"4":0},"b":{"0":[10,10],"1":[18,2]},"_coverageSchema":"1a1c01bbd47fc00a2c39e90264f33305004495a9","hash":"22e370e158888d6f29e118a39653052d0ac44755"}
,"C:\\Users\\ext_jdahl\\Documents\\FinalProject\\App\\StrainGaugeApp\\screens\\QRScannerScreen.js": {"path":"C:\\Users\\ext_jdahl\\Documents\\FinalProject\\App\\StrainGaugeApp\\screens\\QRScannerScreen.js","statementMap":{"0":{"start":{"line":9,"column":28},"end":{"line":9,"column":70}},"1":{"start":{"line":11,"column":23},"end":{"line":18,"column":3}},"2":{"start":{"line":12,"column":4},"end":{"line":17,"column":5}},"3":{"start":{"line":13,"column":6},"end":{"line":13,"column":48}},"4":{"start":{"line":16,"column":6},"end":{"line":16,"column":50}},"5":{"start":{"line":20,"column":19},"end":{"line":27,"column":3}},"6":{"start":{"line":21,"column":4},"end":{"line":26,"column":5}},"7":{"start":{"line":22,"column":6},"end":{"line":22,"column":67}},"8":{"start":{"line":25,"column":6},"end":{"line":25,"column":101}},"9":{"start":{"line":29,"column":2},"end":{"line":43,"column":3}},"10":{"start":{"line":34,"column":23},"end":{"line":34,"column":34}}},"fnMap":{"0":{"name":"QRCodeScannerScreen","decl":{"start":{"line":8,"column":24},"end":{"line":8,"column":43}},"loc":{"start":{"line":8,"column":60},"end":{"line":44,"column":1}},"line":8},"1":{"name":"(anonymous_1)","decl":{"start":{"line":11,"column":23},"end":{"line":11,"column":24}},"loc":{"start":{"line":11,"column":29},"end":{"line":18,"column":3}},"line":11},"2":{"name":"(anonymous_2)","decl":{"start":{"line":20,"column":19},"end":{"line":20,"column":20}},"loc":{"start":{"line":20,"column":26},"end":{"line":27,"column":3}},"line":20},"3":{"name":"(anonymous_3)","decl":{"start":{"line":34,"column":16},"end":{"line":34,"column":17}},"loc":{"start":{"line":34,"column":23},"end":{"line":34,"column":34}},"line":34}},"branchMap":{"0":{"loc":{"start":{"line":12,"column":4},"end":{"line":17,"column":5}},"type":"if","locations":[{"start":{"line":12,"column":4},"end":{"line":17,"column":5}},{"start":{"line":15,"column":9},"end":{"line":17,"column":5}}],"line":12},"1":{"loc":{"start":{"line":21,"column":4},"end":{"line":26,"column":5}},"type":"if","locations":[{"start":{"line":21,"column":4},"end":{"line":26,"column":5}},{"start":{"line":24,"column":9},"end":{"line":26,"column":5}}],"line":21}},"s":{"0":1,"1":1,"2":0,"3":0,"4":0,"5":1,"6":0,"7":0,"8":0,"9":1,"10":0},"f":{"0":1,"1":0,"2":0,"3":0},"b":{"0":[0,0],"1":[0,0]},"_coverageSchema":"1a1c01bbd47fc00a2c39e90264f33305004495a9","hash":"e87bb590e36be6f95b6c7c56ed0084e6357d09cc"}
,"C:\\Users\\ext_jdahl\\Documents\\FinalProject\\App\\StrainGaugeApp\\screens\\StrainGauge.js": {"path":"C:\\Users\\ext_jdahl\\Documents\\FinalProject\\App\\StrainGaugeApp\\screens\\StrainGauge.js","statementMap":{"0":{"start":{"line":9,"column":22},"end":{"line":9,"column":92}},"1":{"start":{"line":10,"column":40},"end":{"line":10,"column":78}},"2":{"start":{"line":11,"column":17},"end":{"line":11,"column":21}},"3":{"start":{"line":13,"column":30},"end":{"line":20,"column":3}},"4":{"start":{"line":14,"column":4},"end":{"line":16,"column":5}},"5":{"start":{"line":15,"column":6},"end":{"line":15,"column":12}},"6":{"start":{"line":17,"column":4},"end":{"line":19,"column":12}},"7":{"start":{"line":18,"column":6},"end":{"line":18,"column":53}},"8":{"start":{"line":23,"column":29},"end":{"line":29,"column":3}},"9":{"start":{"line":24,"column":4},"end":{"line":26,"column":5}},"10":{"start":{"line":25,"column":6},"end":{"line":25,"column":12}},"11":{"start":{"line":27,"column":4},"end":{"line":27,"column":27}},"12":{"start":{"line":28,"column":4},"end":{"line":28,"column":19}},"13":{"start":{"line":31,"column":2},"end":{"line":39,"column":4}},"14":{"start":{"line":32,"column":4},"end":{"line":32,"column":59}},"15":{"start":{"line":33,"column":4},"end":{"line":35,"column":5}},"16":{"start":{"line":34,"column":6},"end":{"line":34,"column":27}},"17":{"start":{"line":36,"column":4},"end":{"line":38,"column":5}},"18":{"start":{"line":37,"column":6},"end":{"line":37,"column":26}},"19":{"start":{"line":41,"column":2},"end":{"line":107,"column":3}},"20":{"start":{"line":105,"column":42},"end":{"line":105,"column":71}},"21":{"start":{"line":110,"column":15},"end":{"line":144,"column":2}}},"fnMap":{"0":{"name":"StrainGauge","decl":{"start":{"line":8,"column":24},"end":{"line":8,"column":35}},"loc":{"start":{"line":8,"column":59},"end":{"line":108,"column":1}},"line":8},"1":{"name":"(anonymous_1)","decl":{"start":{"line":13,"column":30},"end":{"line":13,"column":31}},"loc":{"start":{"line":13,"column":36},"end":{"line":20,"column":3}},"line":13},"2":{"name":"(anonymous_2)","decl":{"start":{"line":17,"column":28},"end":{"line":17,"column":29}},"loc":{"start":{"line":17,"column":34},"end":{"line":19,"column":5}},"line":17},"3":{"name":"(anonymous_3)","decl":{"start":{"line":23,"column":29},"end":{"line":23,"column":30}},"loc":{"start":{"line":23,"column":35},"end":{"line":29,"column":3}},"line":23},"4":{"name":"(anonymous_4)","decl":{"start":{"line":31,"column":12},"end":{"line":31,"column":13}},"loc":{"start":{"line":31,"column":18},"end":{"line":39,"column":3}},"line":31},"5":{"name":"(anonymous_5)","decl":{"start":{"line":36,"column":11},"end":{"line":36,"column":12}},"loc":{"start":{"line":36,"column":17},"end":{"line":38,"column":5}},"line":36},"6":{"name":"(anonymous_6)","decl":{"start":{"line":105,"column":36},"end":{"line":105,"column":37}},"loc":{"start":{"line":105,"column":42},"end":{"line":105,"column":71}},"line":105}},"branchMap":{"0":{"loc":{"start":{"line":14,"column":4},"end":{"line":16,"column":5}},"type":"if","locations":[{"start":{"line":14,"column":4},"end":{"line":16,"column":5}},{"start":{},"end":{}}],"line":14},"1":{"loc":{"start":{"line":24,"column":4},"end":{"line":26,"column":5}},"type":"if","locations":[{"start":{"line":24,"column":4},"end":{"line":26,"column":5}},{"start":{},"end":{}}],"line":24},"2":{"loc":{"start":{"line":33,"column":4},"end":{"line":35,"column":5}},"type":"if","locations":[{"start":{"line":33,"column":4},"end":{"line":35,"column":5}},{"start":{},"end":{}}],"line":33},"3":{"loc":{"start":{"line":60,"column":51},"end":{"line":62,"column":57}},"type":"cond-expr","locations":[{"start":{"line":61,"column":16},"end":{"line":61,"column":58}},{"start":{"line":62,"column":16},"end":{"line":62,"column":57}}],"line":60}},"s":{"0":1,"1":0,"2":0,"3":0,"4":0,"5":0,"6":0,"7":0,"8":0,"9":0,"10":0,"11":0,"12":0,"13":0,"14":0,"15":0,"16":0,"17":0,"18":0,"19":0,"20":0,"21":2},"f":{"0":1,"1":0,"2":0,"3":0,"4":0,"5":0,"6":0},"b":{"0":[0,0],"1":[0,0],"2":[0,0],"3":[0,0]},"_coverageSchema":"1a1c01bbd47fc00a2c39e90264f33305004495a9","hash":"0df6ffa27668471fad00751dab82fffb909ab85c"}
}
