TN:
SF:App.js
FN:11,App
FN:22,(anonymous_1)
FNF:2
FNH:2
FNDA:1,App
FNDA:1,(anonymous_1)
DA:9,1
DA:12,1
DA:22,1
LF:3
LH:3
BRF:0
BRH:0
end_of_record
TN:
SF:Streaming\DummyChannel.js
FN:4,(anonymous_0)
FN:12,(anonymous_1)
FN:17,(anonymous_2)
FN:21,(anonymous_3)
FN:25,(anonymous_4)
FN:29,(anonymous_5)
FN:33,(anonymous_6)
FN:37,(anonymous_7)
FNF:8
FNH:3
FNDA:30,(anonymous_0)
FNDA:0,(anonymous_1)
FNDA:7,(anonymous_2)
FNDA:2,(anonymous_3)
FNDA:0,(anonymous_4)
FNDA:0,(anonymous_5)
FNDA:0,(anonymous_6)
FNDA:0,(anonymous_7)
DA:5,30
DA:6,30
DA:7,30
DA:8,30
DA:9,30
DA:10,30
DA:12,30
DA:13,0
DA:14,0
DA:17,30
DA:18,7
DA:21,30
DA:22,2
DA:25,30
DA:26,0
DA:29,30
DA:30,0
DA:33,30
DA:34,0
DA:37,30
DA:38,0
LF:21
LH:15
BRF:0
BRH:0
end_of_record
TN:
SF:Streaming\StreamingConnector.tsx
FN:12,(anonymous_0)
FNF:1
FNH:1
FNDA:2,(anonymous_0)
DA:13,2
LF:1
LH:1
BRF:0
BRH:0
end_of_record
TN:
SF:Streaming\StreamingConstructor.js
FN:20,(anonymous_0)
FN:28,(anonymous_1)
FN:32,(anonymous_2)
FN:41,(anonymous_3)
FN:42,(anonymous_4)
FNF:5
FNH:3
FNDA:3,(anonymous_0)
FNDA:2,(anonymous_1)
FNDA:1,(anonymous_2)
FNDA:0,(anonymous_3)
FNDA:0,(anonymous_4)
DA:5,3
DA:7,3
DA:21,3
DA:22,3
DA:25,3
DA:28,3
DA:29,2
DA:32,3
DA:33,1
DA:34,1
DA:35,1
DA:38,0
DA:41,3
DA:42,0
LF:14
LH:12
BRDA:21,0,0,3
BRDA:21,0,1,0
BRDA:34,1,0,1
BRDA:34,1,1,0
BRF:4
BRH:2
end_of_record
TN:
SF:components\ChannelChart.js
FN:6,ChannelChart
FN:39,(anonymous_1)
FN:49,(anonymous_2)
FN:58,(anonymous_3)
FN:67,(anonymous_4)
FNF:5
FNH:5
FNDA:1,ChannelChart
FNDA:1,(anonymous_1)
FNDA:3,(anonymous_2)
FNDA:3,(anonymous_3)
FNDA:1,(anonymous_4)
DA:7,1
DA:8,1
DA:9,1
DA:11,1
DA:39,2
DA:40,1
DA:41,1
DA:43,1
DA:44,5
DA:46,1
DA:49,2
DA:50,3
DA:51,3
DA:52,3
DA:53,0
DA:55,3
DA:58,2
DA:59,3
DA:60,3
DA:61,3
DA:62,0
DA:64,3
DA:67,2
DA:68,1
DA:69,1
DA:71,1
DA:72,1
DA:74,1
DA:75,1
DA:76,2
DA:78,0
DA:79,0
DA:80,0
DA:82,0
DA:83,0
DA:84,0
DA:87,0
DA:88,0
DA:91,1
LF:39
LH:29
BRDA:18,0,0,1
BRDA:18,0,1,0
BRDA:24,1,0,0
BRDA:24,1,1,1
BRDA:52,2,0,0
BRDA:52,2,1,3
BRDA:61,3,0,0
BRDA:61,3,1,3
BRDA:74,4,0,1
BRDA:74,4,1,0
BRDA:78,5,0,0
BRDA:78,5,1,0
BRDA:82,6,0,0
BRDA:82,6,1,0
BRF:14
BRH:5
end_of_record
TN:
SF:components\QRButton.js
FN:7,QRCodeButton
FN:10,(anonymous_1)
FNF:2
FNH:1
FNDA:1,QRCodeButton
FNDA:0,(anonymous_1)
DA:8,1
DA:10,0
DA:24,2
LF:3
LH:2
BRF:0
BRH:0
end_of_record
TN:
SF:components\QRButtonNoText.js
FN:7,QRCodeButtonNoText
FN:10,(anonymous_1)
FNF:2
FNH:1
FNDA:3,QRCodeButtonNoText
FNDA:0,(anonymous_1)
DA:8,3
DA:10,0
DA:21,3
LF:3
LH:2
BRF:0
BRH:0
end_of_record
TN:
SF:components\QRScannerOverlay.js
FN:7,QRScannerOverlay
FN:16,(anonymous_1)
FN:28,(anonymous_2)
FNF:3
FNH:1
FNDA:1,QRScannerOverlay
FNDA:0,(anonymous_1)
FNDA:0,(anonymous_2)
DA:9,1
DA:11,1
DA:16,0
DA:28,0
LF:4
LH:2
BRDA:30,0,0,0
BRDA:30,0,1,1
BRF:2
BRH:1
end_of_record
TN:
SF:resources\colors.js
FNF:0
FNH:0
DA:1,6
LF:1
LH:1
BRF:0
BRH:0
end_of_record
TN:
SF:resources\svgs.js
FN:5,Arrow
FN:14,Scan_qr
FN:22,Scan_qr_large
FN:31,Flash_off
FN:40,Flash_on
FNF:5
FNH:4
FNDA:1,Arrow
FNDA:1,Scan_qr
FNDA:3,Scan_qr_large
FNDA:0,Flash_off
FNDA:1,Flash_on
DA:6,1
DA:15,1
DA:23,3
DA:32,0
DA:41,1
LF:5
LH:4
BRF:0
BRH:0
end_of_record
TN:
SF:screens\Channels.js
FN:9,Channels
FN:22,(anonymous_1)
FN:23,(anonymous_2)
FN:24,(anonymous_3)
FN:46,(anonymous_4)
FNF:5
FNH:3
FNDA:2,Channels
FNDA:20,(anonymous_1)
FNDA:20,(anonymous_2)
FNDA:0,(anonymous_3)
FNDA:0,(anonymous_4)
DA:11,2
DA:12,2
DA:14,2
DA:15,2
DA:17,2
DA:22,20
DA:24,20
DA:46,0
DA:52,2
LF:9
LH:8
BRDA:26,0,0,10
BRDA:26,0,1,10
BRDA:32,1,0,18
BRDA:32,1,1,2
BRF:4
BRH:4
end_of_record
TN:
SF:screens\QRScannerScreen.js
FN:8,QRCodeScannerScreen
FN:11,(anonymous_1)
FN:20,(anonymous_2)
FN:22,(anonymous_3)
FN:27,(anonymous_4)
FN:36,(anonymous_5)
FN:38,(anonymous_6)
FNF:7
FNH:0
FNDA:0,QRCodeScannerScreen
FNDA:0,(anonymous_1)
FNDA:0,(anonymous_2)
FNDA:0,(anonymous_3)
FNDA:0,(anonymous_4)
FNDA:0,(anonymous_5)
FNDA:0,(anonymous_6)
DA:9,0
DA:11,0
DA:12,0
DA:13,0
DA:16,0
DA:20,0
DA:21,0
DA:22,0
DA:23,0
DA:26,0
DA:27,0
DA:31,0
DA:36,0
DA:38,0
LF:14
LH:0
BRDA:12,0,0,0
BRDA:12,0,1,0
BRDA:21,1,0,0
BRDA:21,1,1,0
BRF:4
BRH:0
end_of_record
TN:
SF:screens\StrainGauge.js
FN:8,StrainGauge
FN:13,(anonymous_1)
FN:17,(anonymous_2)
FN:23,(anonymous_3)
FN:31,(anonymous_4)
FN:36,(anonymous_5)
FN:105,(anonymous_6)
FNF:7
FNH:0
FNDA:0,StrainGauge
FNDA:0,(anonymous_1)
FNDA:0,(anonymous_2)
FNDA:0,(anonymous_3)
FNDA:0,(anonymous_4)
FNDA:0,(anonymous_5)
FNDA:0,(anonymous_6)
DA:9,0
DA:10,0
DA:11,0
DA:13,0
DA:14,0
DA:15,0
DA:17,0
DA:18,0
DA:23,0
DA:24,0
DA:25,0
DA:27,0
DA:28,0
DA:31,0
DA:32,0
DA:33,0
DA:34,0
DA:36,0
DA:37,0
DA:41,0
DA:105,0
DA:110,1
LF:22
LH:1
BRDA:14,0,0,0
BRDA:14,0,1,0
BRDA:24,1,0,0
BRDA:24,1,1,0
BRDA:33,2,0,0
BRDA:33,2,1,0
BRDA:60,3,0,0
BRDA:60,3,1,0
BRF:8
BRH:0
end_of_record
