TN:
SF:App.js
FN:11,App
FN:22,(anonymous_1)
FNF:2
FNH:2
FNDA:1,App
FNDA:1,(anonymous_1)
DA:9,1
DA:12,1
DA:22,1
LF:3
LH:3
BRF:0
BRH:0
end_of_record
TN:
SF:Streaming\DummyChannel.js
FN:4,(anonymous_0)
FN:12,(anonymous_1)
FN:17,(anonymous_2)
FN:21,(anonymous_3)
FN:25,(anonymous_4)
FN:29,(anonymous_5)
FN:33,(anonymous_6)
FN:37,(anonymous_7)
FNF:8
FNH:2
FNDA:40,(anonymous_0)
FNDA:0,(anonymous_1)
FNDA:1,(anonymous_2)
FNDA:0,(anonymous_3)
FNDA:0,(anonymous_4)
FNDA:0,(anonymous_5)
FNDA:0,(anonymous_6)
FNDA:0,(anonymous_7)
DA:5,40
DA:6,40
DA:7,40
DA:8,40
DA:9,40
DA:10,40
DA:12,40
DA:13,0
DA:14,0
DA:17,40
DA:18,1
DA:21,40
DA:22,0
DA:25,40
DA:26,0
DA:29,40
DA:30,0
DA:33,40
DA:34,0
DA:37,40
DA:38,0
LF:21
LH:14
BRF:0
BRH:0
end_of_record
TN:
SF:Streaming\StreamingConnector.tsx
FN:12,(anonymous_0)
FNF:1
FNH:0
FNDA:0,(anonymous_0)
DA:14,0
LF:1
LH:0
BRF:0
BRH:0
end_of_record
TN:
SF:Streaming\StreamingConstructor.js
FN:20,(anonymous_0)
FN:28,(anonymous_1)
FN:32,(anonymous_2)
FN:41,(anonymous_3)
FN:42,(anonymous_4)
FNF:5
FNH:3
FNDA:4,(anonymous_0)
FNDA:2,(anonymous_1)
FNDA:1,(anonymous_2)
FNDA:0,(anonymous_3)
FNDA:0,(anonymous_4)
DA:5,5
DA:7,4
DA:21,4
DA:22,4
DA:25,4
DA:28,4
DA:29,2
DA:32,4
DA:33,1
DA:34,1
DA:35,1
DA:38,0
DA:41,4
DA:42,0
LF:14
LH:12
BRDA:21,0,0,4
BRDA:21,0,1,0
BRDA:34,1,0,1
BRDA:34,1,1,0
BRF:4
BRH:2
end_of_record
TN:
SF:components\ChannelChart.js
FN:6,ChannelChart
FN:36,(anonymous_1)
FN:46,(anonymous_2)
FN:55,(anonymous_3)
FN:64,(anonymous_4)
FNF:5
FNH:5
FNDA:1,ChannelChart
FNDA:1,(anonymous_1)
FNDA:3,(anonymous_2)
FNDA:3,(anonymous_3)
FNDA:1,(anonymous_4)
DA:7,1
DA:9,1
DA:36,3
DA:37,1
DA:38,1
DA:40,1
DA:41,5
DA:43,1
DA:46,3
DA:47,3
DA:48,3
DA:49,3
DA:50,0
DA:52,3
DA:55,3
DA:56,3
DA:57,3
DA:58,3
DA:59,0
DA:61,3
DA:64,3
DA:65,1
DA:66,1
DA:68,1
DA:69,1
DA:71,1
DA:72,1
DA:73,2
DA:75,0
DA:76,0
DA:77,0
DA:79,0
DA:80,0
DA:81,0
DA:84,0
DA:85,0
DA:88,1
LF:37
LH:27
BRDA:16,0,0,1
BRDA:16,0,1,0
BRDA:22,1,0,0
BRDA:22,1,1,1
BRDA:49,2,0,0
BRDA:49,2,1,3
BRDA:58,3,0,0
BRDA:58,3,1,3
BRDA:71,4,0,1
BRDA:71,4,1,0
BRDA:75,5,0,0
BRDA:75,5,1,0
BRDA:79,6,0,0
BRDA:79,6,1,0
BRF:14
BRH:5
end_of_record
TN:
SF:components\QRButton.js
FN:7,QRCodeButton
FN:10,(anonymous_1)
FNF:2
FNH:1
FNDA:1,QRCodeButton
FNDA:0,(anonymous_1)
DA:8,1
DA:10,0
DA:24,3
LF:3
LH:2
BRF:0
BRH:0
end_of_record
TN:
SF:components\QRButtonNoText.js
FN:7,QRCodeButtonNoText
FN:10,(anonymous_1)
FNF:2
FNH:1
FNDA:3,QRCodeButtonNoText
FNDA:0,(anonymous_1)
DA:8,3
DA:10,0
DA:21,3
LF:3
LH:2
BRF:0
BRH:0
end_of_record
TN:
SF:components\QRScannerOverlay.js
FN:7,QRScannerOverlay
FN:16,(anonymous_1)
FN:28,(anonymous_2)
FNF:3
FNH:1
FNDA:1,QRScannerOverlay
FNDA:0,(anonymous_1)
FNDA:0,(anonymous_2)
DA:9,1
DA:11,1
DA:16,0
DA:28,0
LF:4
LH:2
BRDA:30,0,0,0
BRDA:30,0,1,1
BRF:2
BRH:1
end_of_record
TN:
SF:resources\colors.js
FNF:0
FNH:0
DA:1,8
LF:1
LH:1
BRF:0
BRH:0
end_of_record
TN:
SF:resources\svgs.js
FN:5,Arrow
FN:14,Scan_qr
FN:22,Scan_qr_large
FN:31,Flash_off
FN:40,Flash_on
FNF:5
FNH:4
FNDA:1,Arrow
FNDA:1,Scan_qr
FNDA:3,Scan_qr_large
FNDA:0,Flash_off
FNDA:1,Flash_on
DA:6,1
DA:15,1
DA:23,3
DA:32,0
DA:41,1
LF:5
LH:4
BRF:0
BRH:0
end_of_record
TN:
SF:screens\Channels.js
FN:9,Channels
FN:22,(anonymous_1)
FN:23,(anonymous_2)
FN:24,(anonymous_3)
FN:42,(anonymous_4)
FNF:5
FNH:3
FNDA:2,Channels
FNDA:20,(anonymous_1)
FNDA:20,(anonymous_2)
FNDA:0,(anonymous_3)
FNDA:0,(anonymous_4)
DA:14,2
DA:15,2
DA:17,2
DA:22,20
DA:24,20
DA:42,0
DA:48,2
LF:7
LH:6
BRDA:26,0,0,10
BRDA:26,0,1,10
BRDA:32,1,0,18
BRDA:32,1,1,2
BRF:4
BRH:4
end_of_record
TN:
SF:screens\QRScannerScreen.js
FN:8,QRCodeScannerScreen
FN:11,(anonymous_1)
FN:20,(anonymous_2)
FN:34,(anonymous_3)
FNF:4
FNH:1
FNDA:1,QRCodeScannerScreen
FNDA:0,(anonymous_1)
FNDA:0,(anonymous_2)
FNDA:0,(anonymous_3)
DA:9,1
DA:11,1
DA:12,0
DA:13,0
DA:16,0
DA:20,1
DA:21,0
DA:22,0
DA:25,0
DA:29,1
DA:34,0
LF:11
LH:4
BRDA:12,0,0,0
BRDA:12,0,1,0
BRDA:21,1,0,0
BRDA:21,1,1,0
BRF:4
BRH:0
end_of_record
TN:
SF:screens\StrainGauge.js
FN:8,StrainGauge
FN:13,(anonymous_1)
FN:17,(anonymous_2)
FN:23,(anonymous_3)
FN:31,(anonymous_4)
FN:36,(anonymous_5)
FN:105,(anonymous_6)
FNF:7
FNH:1
FNDA:1,StrainGauge
FNDA:0,(anonymous_1)
FNDA:0,(anonymous_2)
FNDA:0,(anonymous_3)
FNDA:0,(anonymous_4)
FNDA:0,(anonymous_5)
FNDA:0,(anonymous_6)
DA:9,1
DA:10,0
DA:11,0
DA:13,0
DA:14,0
DA:15,0
DA:17,0
DA:18,0
DA:23,0
DA:24,0
DA:25,0
DA:27,0
DA:28,0
DA:31,0
DA:32,0
DA:33,0
DA:34,0
DA:36,0
DA:37,0
DA:41,0
DA:105,0
DA:110,2
LF:22
LH:2
BRDA:14,0,0,0
BRDA:14,0,1,0
BRDA:24,1,0,0
BRDA:24,1,1,0
BRDA:33,2,0,0
BRDA:33,2,1,0
BRDA:60,3,0,0
BRDA:60,3,1,0
BRF:8
BRH:0
end_of_record
